[    0.000000 <    0.000000>] Booting Linux on physical CPU 0x0
[    0.000000 <    0.000000>] Linux version 4.13.4-1-ARCH (builduser@leming) (gcc version 7.2.0 (GCC)) #1 SMP Wed Sep 27 19:41:55 MDT 2017
[    0.000000 <    0.000000>] Boot CPU: AArch64 Processor [410fd034]
[    0.000000 <    0.000000>] Machine model: Hardkernel ODROID-C2
[    0.000000 <    0.000000>] efi: Getting EFI parameters from FDT:
[    0.000000 <    0.000000>] efi: UEFI not found.
[    0.000000 <    0.000000>] Reserved memory: created CMA memory pool at 0x0000000067c00000, size 188 MiB
[    0.000000 <    0.000000>] OF: reserved mem: initialized node linux,cma, compatible id shared-dma-pool
[    0.000000 <    0.000000>] earlycon: meson0 at MMIO 0x00000000c81004c0 (options '115200n8')
[    0.000000 <    0.000000>] bootconsole [meson0] enabled
[    0.000000 <    0.000000>] On node 0 totalpages: 486912
[    0.000000 <    0.000000>]   DMA zone: 7616 pages used for memmap
[    0.000000 <    0.000000>]   DMA zone: 0 pages reserved
[    0.000000 <    0.000000>]   DMA zone: 486912 pages, LIFO batch:31
[    0.000000 <    0.000000>] psci: probing for conduit method from DT.
[    0.000000 <    0.000000>] psci: PSCIv0.2 detected in firmware.
[    0.000000 <    0.000000>] psci: Using standard PSCI v0.2 function IDs
[    0.000000 <    0.000000>] psci: Trusted OS migration not required
[    0.000000 <    0.000000>] percpu: Embedded 25 pages/cpu @ffff800077f6c000 s64024 r8192 d30184 u102400
[    0.000000 <    0.000000>] pcpu-alloc: s64024 r8192 d30184 u102400 alloc=25*4096
[    0.000000 <    0.000000>] pcpu-alloc: [0] 0 [0] 1 [0] 2 [0] 3 
[    0.000000 <    0.000000>] Detected VIPT I-cache on CPU0
[    0.000000 <    0.000000>] Built 1 zonelists in Zone order, mobility grouping on.  Total pages: 479296
[    0.000000 <    0.000000>] Kernel command line: root=/dev/mmcblk1p2 rootwait rw earlycon console=ttyAML0,115200n8 console=tty0 no_console_suspend drm_kms_helper.edid_firmware=edid/1920x1080.bin video=HDMI-A-1:1920x1080@60e
[    0.000000 <    0.000000>] PID hash table entries: 4096 (order: 3, 32768 bytes)
[    0.000000 <    0.000000>] Dentry cache hash table entries: 262144 (order: 9, 2097152 bytes)
[    0.000000 <    0.000000>] Inode-cache hash table entries: 131072 (order: 8, 1048576 bytes)
[    0.000000 <    0.000000>] Memory: 1691980K/1947648K available (12156K kernel code, 2264K rwdata, 5316K rodata, 1408K init, 803K bss, 63156K reserved, 192512K cma-reserved)
[    0.000000 <    0.000000>] Virtual kernel memory layout:
[    0.000000 <    0.000000>]     modules : 0xffff000000000000 - 0xffff000008000000   (   128 MB)
[    0.000000 <    0.000000>]     vmalloc : 0xffff000008000000 - 0xffff7dffbfff0000   (129022 GB)
[    0.000000 <    0.000000>]       .text : 0xffff000008080000 - 0xffff000008c60000   ( 12160 KB)
[    0.000000 <    0.000000>]     .rodata : 0xffff000008c60000 - 0xffff0000091a0000   (  5376 KB)
[    0.000000 <    0.000000>]       .init : 0xffff0000091a0000 - 0xffff000009300000   (  1408 KB)
[    0.000000 <    0.000000>]       .data : 0xffff000009300000 - 0xffff000009536200   (  2265 KB)
[    0.000000 <    0.000000>]        .bss : 0xffff000009536200 - 0xffff0000095fef90   (   804 KB)
[    0.000000 <    0.000000>]     fixed   : 0xffff7dfffe7fd000 - 0xffff7dfffec00000   (  4108 KB)
[    0.000000 <    0.000000>]     PCI I/O : 0xffff7dfffee00000 - 0xffff7dffffe00000   (    16 MB)
[    0.000000 <    0.000000>]     vmemmap : 0xffff7e0000000000 - 0xffff800000000000   (  2048 GB maximum)
[    0.000000 <    0.000000>]               0xffff7e0000040000 - 0xffff7e0001e00000   (    29 MB actual)
[    0.000000 <    0.000000>]     memory  : 0xffff800001000000 - 0xffff800078000000   (  1904 MB)
[    0.000000 <    0.000000>] random: get_random_u64 called from cache_random_seq_create+0x64/0x128 with crng_init=0
[    0.000000 <    0.000000>] SLUB: HWalign=64, Order=0-3, MinObjects=0, CPUs=4, Nodes=1
[    0.000000 <    0.000000>] ftrace: allocating 43777 entries in 172 pages
[    0.000000 <    0.000000>] Hierarchical RCU implementation.
[    0.000000 <    0.000000>] 	RCU restricting CPUs from NR_CPUS=8 to nr_cpu_ids=4.
[    0.000000 <    0.000000>] 	Tasks RCU enabled.
[    0.000000 <    0.000000>] RCU: Adjusting geometry for rcu_fanout_leaf=16, nr_cpu_ids=4
[    0.000000 <    0.000000>] NR_IRQS: 64, nr_irqs: 64, preallocated irqs: 0
[    0.000000 <    0.000000>] GIC: Using split EOI/Deactivate mode
[    0.000000 <    0.000000>] arch_timer: cp15 timer(s) running at 24.00MHz (phys).
[    0.000000 <    0.000000>] clocksource: arch_sys_counter: mask: 0xffffffffffffff max_cycles: 0x588fe9dc0, max_idle_ns: 440795202592 ns
[    0.000003 <    0.000000>] sched_clock: 56 bits at 24MHz, resolution 41ns, wraps every 4398046511097ns
[    0.008364 <    0.008361>] Console: colour dummy device 80x25
[    0.012513 <    0.004149>] console [tty0] enabled
[    0.015923 <    0.003410>] bootconsole [meson0] disabled
[    0.019967 <    0.004044>] Calibrating delay loop (skipped), value calculated using timer frequency.. 48.00 BogoMIPS (lpj=240000)
[    0.019980 <    0.000013>] pid_max: default: 32768 minimum: 301
[    0.020102 <    0.000122>] Security Framework initialized
[    0.020110 <    0.000008>] Yama: becoming mindful.
[    0.020170 <    0.000060>] Mount-cache hash table entries: 4096 (order: 3, 32768 bytes)
[    0.020188 <    0.000018>] Mountpoint-cache hash table entries: 4096 (order: 3, 32768 bytes)
[    0.020950 <    0.000762>] ASID allocator initialised with 65536 entries
[    0.020997 <    0.000047>] Hierarchical SRCU implementation.
[    0.022771 <    0.001774>] EFI services will not be available.
[    0.022954 <    0.000183>] smp: Bringing up secondary CPUs ...
[    0.023824 <    0.000870>] Detected VIPT I-cache on CPU1
[    0.023868 <    0.000044>] CPU1: Booted secondary processor [410fd034]
[    0.024727 <    0.000859>] Detected VIPT I-cache on CPU2
[    0.024745 <    0.000018>] CPU2: Booted secondary processor [410fd034]
[    0.025577 <    0.000832>] Detected VIPT I-cache on CPU3
[    0.025594 <    0.000017>] CPU3: Booted secondary processor [410fd034]
[    0.025630 <    0.000036>] smp: Brought up 1 node, 4 CPUs
[    0.025661 <    0.000031>] SMP: Total of 4 processors activated.
[    0.025669 <    0.000008>] CPU features: detected feature: 32-bit EL0 Support
[    0.025751 <    0.000082>] CPU: All CPU(s) started at EL2
[    0.026362 <    0.000611>] devtmpfs: initialized
[    0.029050 <    0.002688>] clocksource: jiffies: mask: 0xffffffff max_cycles: 0xffffffff, max_idle_ns: 19112604462750000 ns
[    0.029083 <    0.000033>] futex hash table entries: 1024 (order: 5, 131072 bytes)
[    0.032756 <    0.003673>] pinctrl core: initialized pinctrl subsystem
[    0.033308 <    0.000552>] DMI not present or invalid.
[    0.033521 <    0.000213>] NET: Registered protocol family 16
[    0.034405 <    0.000884>] cpuidle: using governor ladder
[    0.034476 <    0.000071>] cpuidle: using governor menu
[    0.034942 <    0.000466>] vdso: 2 pages (1 code @ ffff000008c65000, 1 data @ ffff000009305000)
[    0.034960 <    0.000018>] hw-breakpoint: found 6 breakpoint and 4 watchpoint registers.
[    0.035660 <    0.000700>] DMA: preallocated 256 KiB pool for atomic allocations
[    0.035862 <    0.000202>] Serial: AMBA PL011 UART driver
[    0.044216 <    0.008354>] HugeTLB registered 2.00 MiB page size, pre-allocated 0 pages
[    0.044743 <    0.000527>] ACPI: Interpreter disabled.
[    0.045542 <    0.000799>] vgaarb: loaded
[    0.045965 <    0.000423>] SCSI subsystem initialized
[    0.046049 <    0.000084>] libata version 3.00 loaded.
[    0.046155 <    0.000106>] usbcore: registered new interface driver usbfs
[    0.046187 <    0.000032>] usbcore: registered new interface driver hub
[    0.046227 <    0.000040>] usbcore: registered new device driver usb
[    0.046464 <    0.000237>] EDAC MC: Ver: 3.0.0
[    0.046608 <    0.000144>] dmi: Firmware registration failed.
[    0.047069 <    0.000461>] Advanced Linux Sound Architecture Driver Initialized.
[    0.047305 <    0.000236>] NetLabel: Initializing
[    0.047315 <    0.000010>] NetLabel:  domain hash size = 128
[    0.047324 <    0.000009>] NetLabel:  protocols = UNLABELED CIPSOv4 CALIPSO
[    0.047369 <    0.000045>] NetLabel:  unlabeled traffic allowed by default
[    0.047635 <    0.000266>] clocksource: Switched to clocksource arch_sys_counter
[    0.105101 <    0.057466>] VFS: Disk quotas dquot_6.6.0
[    0.105162 <    0.000061>] VFS: Dquot-cache hash table entries: 512 (order 0, 4096 bytes)
[    0.105496 <    0.000334>] pnp: PnP ACPI: disabled
[    0.109138 <    0.003642>] NET: Registered protocol family 2
[    0.109486 <    0.000348>] TCP established hash table entries: 16384 (order: 5, 131072 bytes)
[    0.109584 <    0.000098>] TCP bind hash table entries: 16384 (order: 6, 262144 bytes)
[    0.109758 <    0.000174>] TCP: Hash tables configured (established 16384 bind 16384)
[    0.109850 <    0.000092>] UDP hash table entries: 1024 (order: 3, 32768 bytes)
[    0.109892 <    0.000042>] UDP-Lite hash table entries: 1024 (order: 3, 32768 bytes)
[    0.110036 <    0.000144>] NET: Registered protocol family 1
[    0.110392 <    0.000356>] RPC: Registered named UNIX socket transport module.
[    0.110404 <    0.000012>] RPC: Registered udp transport module.
[    0.110413 <    0.000009>] RPC: Registered tcp transport module.
[    0.110423 <    0.000010>] RPC: Registered tcp NFSv4.1 backchannel transport module.
[    0.110437 <    0.000014>] PCI: CLS 0 bytes, default 128
[    0.110548 <    0.000111>] Unpacking initramfs...
[    0.252018 <    0.141470>] Freeing initrd memory: 4632K
[    0.252621 <    0.000603>] hw perfevents: enabled with armv8_cortex_a53 PMU driver, 7 counters available
[    0.252794 <    0.000173>] kvm [1]: 8-bit VMID
[    0.252804 <    0.000010>] kvm [1]: IDMAP page: 1c4f000
[    0.252814 <    0.000010>] kvm [1]: HYP VA range: 800000000000:ffffffffffff
[    0.253586 <    0.000772>] kvm [1]: Hyp mode initialized successfully
[    0.253624 <    0.000038>] kvm [1]: vgic-v2@c4304000
[    0.253673 <    0.000049>] kvm [1]: vgic interrupt IRQ1
[    0.253689 <    0.000016>] kvm [1]: virtual timer IRQ4
[    0.254895 <    0.001206>] random: fast init done
[    0.255627 <    0.000732>] modprobe[65]: undefined instruction: pc=0000ffffb6a8a6dc
[    0.255644 <    0.000017>] Code: d503201f 8a180320 92750001 365ffc20 (d5380001) 
[    0.255956 <    0.000312>] modprobe[66]: undefined instruction: pc=0000ffff96cae6dc
[    0.255972 <    0.000016>] Code: d503201f 8a180320 92750001 365ffc20 (d5380001) 
[    0.256657 <    0.000685>] modprobe[70]: undefined instruction: pc=0000ffffafba26dc
[    0.256674 <    0.000017>] Code: d503201f 8a180320 92750001 365ffc20 (d5380001) 
[    0.256911 <    0.000237>] modprobe[71]: undefined instruction: pc=0000ffffa86596dc
[    0.256927 <    0.000016>] Code: d503201f 8a180320 92750001 365ffc20 (d5380001) 
[    0.257612 <    0.000685>] modprobe[75]: undefined instruction: pc=0000ffff86c3b6dc
[    0.257665 <    0.000053>] Code: d503201f 8a180320 92750001 365ffc20 (d5380001) 
[    0.257941 <    0.000276>] modprobe[76]: undefined instruction: pc=0000ffffa64a56dc
[    0.257957 <    0.000016>] Code: d503201f 8a180320 92750001 365ffc20 (d5380001) 
[    0.258744 <    0.000787>] modprobe[80]: undefined instruction: pc=0000ffffaae9f6dc
[    0.258763 <    0.000019>] Code: d503201f 8a180320 92750001 365ffc20 (d5380001) 
[    0.258999 <    0.000236>] modprobe[81]: undefined instruction: pc=0000ffff8f0d16dc
[    0.259014 <    0.000015>] Code: d503201f 8a180320 92750001 365ffc20 (d5380001) 
[    0.261418 <    0.002404>] modprobe[98]: undefined instruction: pc=0000ffffaf4366dc
[    0.261444 <    0.000026>] Code: d503201f 8a180320 92750001 365ffc20 (d5380001) 
[    0.261709 <    0.000265>] modprobe[99]: undefined instruction: pc=0000ffff939516dc
[    0.261725 <    0.000016>] Code: d503201f 8a180320 92750001 365ffc20 (d5380001) 
[    0.265961 <    0.004236>] workingset: timestamp_bits=46 max_order=19 bucket_order=0
[    0.268917 <    0.002956>] zbud: loaded
[    0.270262 <    0.001345>] NFS: Registering the id_resolver key type
[    0.270290 <    0.000028>] Key type id_resolver registered
[    0.270300 <    0.000010>] Key type id_legacy registered
[    0.270315 <    0.000015>] nfs4filelayout_init: NFSv4 File Layout Driver Registering...
[    0.270429 <    0.000114>] SGI XFS with ACLs, security attributes, no debug enabled
[    0.277517 <    0.007088>] NET: Registered protocol family 38
[    0.277666 <    0.000149>] Block layer SCSI generic (bsg) driver version 0.4 loaded (major 245)
[    0.277758 <    0.000092>] io scheduler noop registered
[    0.277768 <    0.000010>] io scheduler deadline registered
[    0.277890 <    0.000122>] io scheduler cfq registered (default)
[    0.277901 <    0.000011>] io scheduler mq-deadline registered
[    0.277911 <    0.000010>] io scheduler kyber registered
[    0.277998 <    0.000087>] io scheduler bfq registered
[    0.278157 <    0.000159>] atomic64_test: passed
[    0.279732 <    0.001575>] GPIO line 4 (usb-hub-reset) hogged as output/high
[    0.281781 <    0.002049>] ipmi message handler version 39.2
[    0.284835 <    0.003054>] Serial: 8250/16550 driver, 4 ports, IRQ sharing enabled
[    0.285776 <    0.000941>] c81004c0.serial: ttyAML0 at MMIO 0xc81004c0 (irq = 12, base_baud = 1500000) is a meson_uart
[    1.194817 <    0.909041>] console [ttyAML0] enabled
[    1.198739 <    0.003922>] msm_serial: driver initialized
[    1.205185 <    0.006446>] libphy: Fixed MDIO Bus: probed
[    1.207506 <    0.002321>] ehci_hcd: USB 2.0 'Enhanced' Host Controller (EHCI) Driver
[    1.213030 <    0.005524>] ehci-pci: EHCI PCI platform driver
[    1.217424 <    0.004394>] ehci-platform: EHCI generic platform driver
[    1.222657 <    0.005233>] ehci-orion: EHCI orion driver
[    1.226596 <    0.003939>] ehci-msm: Qualcomm On-Chip EHCI Host Controller
[    1.232112 <    0.005516>] tegra-ehci: Tegra EHCI driver
[    1.236107 <    0.003995>] ohci_hcd: USB 1.1 'Open' Host Controller (OHCI) Driver
[    1.242167 <    0.006060>] ohci-pci: OHCI PCI platform driver
[    1.246575 <    0.004408>] ohci-platform: OHCI generic platform driver
[    1.251789 <    0.005214>] uhci_hcd: USB Universal Host Controller Interface driver
[    1.258276 <    0.006487>] usbcore: registered new interface driver uas
[    1.263323 <    0.005047>] usbcore: registered new interface driver usb-storage
[    1.269260 <    0.005937>] usbcore: registered new interface driver ums-alauda
[    1.275118 <    0.005858>] usbcore: registered new interface driver ums-cypress
[    1.281075 <    0.005957>] usbcore: registered new interface driver ums-datafab
[    1.287020 <    0.005945>] usbcore: registered new interface driver ums_eneub6250
[    1.293151 <    0.006131>] usbcore: registered new interface driver ums-freecom
[    1.299101 <    0.005950>] usbcore: registered new interface driver ums-isd200
[    1.304960 <    0.005859>] usbcore: registered new interface driver ums-jumpshot
[    1.311006 <    0.006046>] usbcore: registered new interface driver ums-karma
[    1.316779 <    0.005773>] usbcore: registered new interface driver ums-onetouch
[    1.322824 <    0.006045>] usbcore: registered new interface driver ums-realtek
[    1.328771 <    0.005947>] usbcore: registered new interface driver ums-sddr09
[    1.334630 <    0.005859>] usbcore: registered new interface driver ums-sddr55
[    1.340501 <    0.005871>] usbcore: registered new interface driver ums-usbat
[    1.346308 <    0.005807>] usbcore: registered new interface driver usbserial
[    1.352063 <    0.005755>] usbcore: registered new interface driver usbserial_generic
[    1.358528 <    0.006465>] usbserial: USB Serial support registered for generic
[    1.365029 <    0.006501>] mousedev: PS/2 mouse device common for all mice
[    1.371673 <    0.006644>] device-mapper: uevent: version 1.0.3
[    1.374727 <    0.003054>] device-mapper: ioctl: 4.36.0-ioctl (2017-06-09) initialised: dm-devel@redhat.com
[    1.383186 <    0.008459>] Machine is not compatible with mt8173-cpufreq
[    1.388508 <    0.005322>] sdhci: Secure Digital Host Controller Interface driver
[    1.394387 <    0.005879>] sdhci: Copyright(c) Pierre Ossman
[    1.398982 <    0.004595>] Synopsys Designware Multimedia Card Interface Driver
[    1.405328 <    0.006346>] meson-gx-mmc d0074000.mmc: allocated mmc-pwrseq
[    1.468291 <    0.062963>] sdhci-pltfm: SDHCI platform and OF driver helper
[    1.469138 <    0.000847>] ledtrig-cpu: registered to indicate activity on CPUs
[    1.477743 <    0.008605>] dmi-sysfs: dmi entry is absent.
[    1.478469 <    0.000726>] meson-sm: secure-monitor enabled
[    1.482798 <    0.004329>] hidraw: raw HID events driver (C) Jiri Kosina
[    1.488198 <    0.005400>] usbcore: registered new interface driver usbhid
[    1.493555 <    0.005357>] usbhid: USB HID core driver
[    1.497615 <    0.004060>] platform-mhu c883c404.mailbox: Platform MHU Mailbox registered
[    1.506627 <    0.009012>] drop_monitor: Initializing network drop monitor service
[    1.510467 <    0.003840>] ip_tables: (C) 2000-2006 Netfilter Core Team
[    1.515580 <    0.005113>] Initializing XFRM netlink socket
[    1.520145 <    0.004565>] NET: Registered protocol family 10
[    1.525815 <    0.005670>] Segment Routing with IPv6
[    1.527882 <    0.002067>] mip6: Mobile IPv6
[    1.530763 <    0.002881>] NET: Registered protocol family 17
[    1.535215 <    0.004452>] Key type dns_resolver registered
[    1.539854 <    0.004639>] registered taskstats version 1
[    1.543514 <    0.003660>] zswap: loaded using pool lzo/zbud
[    1.552286 <    0.008772>] Key type big_key registered
[    1.556201 <    0.003915>] Key type encrypted registered
[    1.560607 <    0.004406>] dwc2 c9000000.usb: c9000000.usb supply vusb_d not found, using dummy regulator
[    1.563733 <    0.003126>] dwc2 c9000000.usb: c9000000.usb supply vusb_a not found, using dummy regulator
[    1.573090 <    0.009357>] phy phy-c0000000.phy.0: USB ID detect failed!
[    1.577250 <    0.004160>] phy phy-c0000000.phy.0: phy poweron failed --> -22
[    1.583252 <    0.006002>] dwc2: probe of c9000000.usb failed with error -22
[    1.589362 <    0.006110>] dwc2 c9100000.usb: c9100000.usb supply vusb_d not found, using dummy regulator
[    1.596940 <    0.007578>] dwc2 c9100000.usb: c9100000.usb supply vusb_a not found, using dummy regulator
[    1.737749 <    0.140809>] dwc2 c9100000.usb: DWC OTG Controller
[    1.737939 <    0.000190>] dwc2 c9100000.usb: new USB bus registered, assigned bus number 1
[    1.743819 <    0.005880>] dwc2 c9100000.usb: irq 33, io mem 0xc9100000
[    1.749222 <    0.005403>] usb usb1: New USB device found, idVendor=1d6b, idProduct=0002
[    1.755794 <    0.006572>] usb usb1: New USB device strings: Mfr=3, Product=2, SerialNumber=1
[    1.762960 <    0.007166>] usb usb1: Product: DWC OTG Controller
[    1.767610 <    0.004650>] usb usb1: Manufacturer: Linux 4.13.4-1-ARCH dwc2_hsotg
[    1.773740 <    0.006130>] usb usb1: SerialNumber: c9100000.usb
[    1.778576 <    0.004836>] hub 1-0:1.0: USB hub found
[    1.782028 <    0.003452>] hub 1-0:1.0: 1 port detected
[    1.786835 <    0.004807>] meson-gx-mmc d0072000.mmc: Got CD GPIO
[    1.849351 <    0.062516>] scpi_protocol scpi: SCP Protocol 0.0 Firmware 0.0.0 version
[    1.856277 <    0.006926>] hctosys: unable to open rtc device (rtc0)
[    1.856381 <    0.000104>] PM: Hibernation image not present or could not be loaded.
[    1.856443 <    0.000062>] VCC3V3: disabling
[    1.858647 <    0.002204>] USB_OTG_PWR: disabling
[    1.861994 <    0.003347>] ALSA device list:
[    1.864924 <    0.002930>]   No soundcards found.
[    1.870317 <    0.005393>] Freeing unused kernel memory: 1408K
[    1.928166 <    0.057849>] mmc1: new high speed SDHC card at address 0007
[    1.928571 <    0.000405>] mmcblk1: mmc1:0007 SS08G 7.21 GiB 
[    1.934005 <    0.005434>]  mmcblk1: p1 p2
[    2.207674 <    0.273669>] usb 1-1: new high-speed USB device number 2 using dwc2
[    2.448896 <    0.241222>] usb 1-1: New USB device found, idVendor=05e3, idProduct=0610
[    2.449961 <    0.001065>] usb 1-1: New USB device strings: Mfr=0, Product=1, SerialNumber=0
[    2.457033 <    0.007072>] usb 1-1: Product: USB2.0 Hub
[    2.461446 <    0.004413>] hub 1-1:1.0: USB hub found
[    2.464895 <    0.003449>] hub 1-1:1.0: 4 ports detected
[    2.704458 <    0.239563>] EXT4-fs (mmcblk1p2): mounted filesystem with ordered data mode. Opts: (null)
[    2.797683 <    0.093225>] usb 1-1.1: new low-speed USB device number 3 using dwc2
[    2.946448 <    0.148765>] usb 1-1.1: New USB device found, idVendor=04f2, idProduct=0833
[    2.947702 <    0.001254>] usb 1-1.1: New USB device strings: Mfr=1, Product=2, SerialNumber=0
[    2.954931 <    0.007229>] usb 1-1.1: Product: USB Keyboard
[    2.959163 <    0.004232>] usb 1-1.1: Manufacturer: CHICONY
[    2.967845 <    0.008682>] input: CHICONY USB Keyboard as /devices/platform/soc/c9100000.usb/usb1/1-1/1-1.1/1-1.1:1.0/0003:04F2:0833.0001/input/input0
[    3.038018 <    0.070173>] hid-generic 0003:04F2:0833.0001: input,hidraw0: USB HID v1.11 Keyboard [CHICONY USB Keyboard] on usb-c9100000.usb-1.1/input0
[    3.053263 <    0.015245>] input: CHICONY USB Keyboard as /devices/platform/soc/c9100000.usb/usb1/1-1/1-1.1/1-1.1:1.1/0003:04F2:0833.0002/input/input1
[    3.127999 <    0.074736>] hid-generic 0003:04F2:0833.0002: input,hiddev96,hidraw1: USB HID v1.11 Device [CHICONY USB Keyboard] on usb-c9100000.usb-1.1/input1
[    3.204634 <    0.076635>] systemd[1]: System time before build time, advancing clock.
[    3.227658 <    0.023024>] usb 1-1.2: new high-speed USB device number 4 using dwc2
[    3.233238 <    0.005580>] systemd[1]: systemd 234 running in system mode. (+PAM -AUDIT -SELINUX -IMA -APPARMOR +SMACK -SYSVINIT +UTMP +LIBCRYPTSETUP +GCRYPT +GNUTLS +ACL +XZ +LZ4 +SECCOMP +BLKID +ELFUTILS +KMOD -IDN2 +IDN default-hierarchy=hybrid)
[    3.249208 <    0.015970>] systemd[1]: Detected architecture arm64.
[    3.265274 <    0.016066>] systemd[1]: Set hostname to <meshnode-odc2>.
[    3.358475 <    0.093201>] usb 1-1.2: New USB device found, idVendor=0bda, idProduct=8812
[    3.359717 <    0.001242>] usb 1-1.2: New USB device strings: Mfr=1, Product=2, SerialNumber=3
[    3.366980 <    0.007263>] usb 1-1.2: Product: 802.11n NIC
[    3.371145 <    0.004165>] usb 1-1.2: Manufacturer: Realtek
[    3.375328 <    0.004183>] usb 1-1.2: SerialNumber: 123456
[    3.593514 <    0.218186>] systemd[1]: Started Forward Password Requests to Wall Directory Watch.
[    3.595779 <    0.002265>] systemd[1]: Started Dispatch Password Requests to Console Directory Watch.
[    3.603598 <    0.007819>] systemd[1]: Listening on Syslog Socket.
[    3.608271 <    0.004673>] systemd[1]: Reached target Remote File Systems.
[    3.613732 <    0.005461>] systemd[1]: Reached target Encrypted Volumes.
[    3.619139 <    0.005407>] systemd[1]: Listening on udev Kernel Socket.
[    3.625540 <    0.006401>] systemd[1]: Created slice System Slice.
[    3.716576 <    0.091036>] random: crng init done
[    3.921032 <    0.204456>] systemd-journald[248]: Received request to flush runtime journal from PID 1
[    4.261862 <    0.340830>] pps_core: LinuxPPS API ver. 1 registered
[    4.261912 <    0.000050>] pps_core: Software ver. 5.3.6 - Copyright 2005-2007 Rodolfo Giometti <giometti@linux.it>
[    4.286621 <    0.024709>] lirc_dev: IR Remote Control driver registered, major 237
[    4.294734 <    0.008113>] PTP clock support registered
[    4.339157 <    0.044423>] meson8b-dwmac c9410000.ethernet: PTP uses main clock
[    4.339538 <    0.000381>] meson8b-dwmac c9410000.ethernet: no reset control found
[    4.344416 <    0.004878>] IR LIRC bridge handler initialized
[    4.345440 <    0.001024>] Registered IR keymap rc-empty
[    4.345577 <    0.000137>] rc rc0: meson-ir as /devices/platform/soc/c8100000.aobus/c8100580.ir/rc/rc0
[    4.345681 <    0.000104>] input: meson-ir as /devices/platform/soc/c8100000.aobus/c8100580.ir/rc/rc0/input2
[    4.346056 <    0.000375>] rc rc0: lirc_dev: driver ir-lirc-codec (meson-ir) registered at minor = 0
[    4.346116 <    0.000060>] meson-ir c8100580.ir: receiver initialized
[    4.383741 <    0.037625>] stmmac - user ID: 0x11, Synopsys ID: 0x37
[    4.388446 <    0.004705>] meson8b-dwmac c9410000.ethernet: Ring mode enabled
[    4.394131 <    0.005685>] meson8b-dwmac c9410000.ethernet: DMA HW capability register supported
[    4.401563 <    0.007432>] meson8b-dwmac c9410000.ethernet: Normal descriptors
[    4.407415 <    0.005852>] meson8b-dwmac c9410000.ethernet: RX Checksum Offload Engine supported
[    4.414849 <    0.007434>] meson8b-dwmac c9410000.ethernet: COE Type 2
[    4.420033 <    0.005184>] meson8b-dwmac c9410000.ethernet: TX Checksum insertion supported
[    4.426992 <    0.006959>] meson8b-dwmac c9410000.ethernet: Wake-Up On Lan supported
[    4.433506 <    0.006514>] meson8b-dwmac c9410000.ethernet: Enable RX Mitigation via HW Watchdog Timer
[    4.441494 <    0.007988>] libphy: stmmac: probed
[    4.474236 <    0.032742>] meson-drm d0100000.vpu: Queued 2 outputs on vpu
[    4.510339 <    0.036103>] meson-drm d0100000.vpu: Failed to create debugfs directory
[    4.511287 <    0.000948>] [drm] Supports vblank timestamp caching Rev 2 (21.10.2013).
[    4.517892 <    0.006605>] [drm] No driver support for vblank timestamp query.
[    4.523769 <    0.005877>] meson-drm d0100000.vpu: CVBS Output connector not available
[    4.534299 <    0.010530>] meson8b-dwmac c9410000.ethernet eth0: device MAC address 42:6e:78:2e:40:c0
[    4.542456 <    0.008157>] FAT-fs (mmcblk1p1): Volume was not properly unmounted. Some data may be corrupt. Please run fsck.
[    4.567775 <    0.025319>] meson-dw-hdmi c883a000.hdmi-tx: Detected HDMI TX controller v2.01a with HDCP (meson_dw_hdmi_phy)
[    4.572297 <    0.004522>] meson-dw-hdmi c883a000.hdmi-tx: registered DesignWare HDMI I2C bus driver
[    4.580168 <    0.007871>] [drm] forcing HDMI-A-1 connector on
[    4.584269 <    0.004101>] meson-drm d0100000.vpu: bound c883a000.hdmi-tx (ops meson_dw_hdmi_ops [meson_dw_hdmi])
[    4.593261 <    0.008992>] [drm] Got built-in EDID base block and 0 extensions from "edid/1920x1080.bin" for connector "HDMI-A-1"
[    4.638544 <    0.045283>] RTL8211F Gigabit Ethernet stmmac-0:00: attached PHY driver [RTL8211F Gigabit Ethernet] (mii_bus:phy_addr=stmmac-0:00, irq=-1)
[    4.739749 <    0.101205>] meson8b-dwmac c9410000.ethernet eth0: PTP not supported by HW
[    4.739965 <    0.000216>] IPv6: ADDRCONF(NETDEV_UP): eth0: link is not ready
[    4.796438 <    0.056473>] Console: switching to colour frame buffer device 240x67
[    4.858257 <    0.061819>] meson-drm d0100000.vpu: fb0:  frame buffer device
[    4.907966 <    0.049709>] [drm] Initialized meson 1.0.0 20161109 for d0100000.vpu on minor 0
[    5.927772 <    1.019806>] [drm] Got built-in EDID base block and 0 extensions from "edid/1920x1080.bin" for connector "HDMI-A-1"
[    7.941909 <    2.014137>] bridge: filtering via arp/ip/ip6tables is no longer available by default. Update your scripts to load br_netfilter if you need this.
[    7.984347 <    0.042438>] stmmac_ethtool_get_link_ksettings: eth0: PHY is not registered
[    7.985716 <    0.001369>] lan: port 1(eth0) entered blocking state
[    7.990671 <    0.004955>] lan: port 1(eth0) entered disabled state
[    7.995693 <    0.005022>] device eth0 entered promiscuous mode
[    8.108531 <    0.112838>] RTL8211F Gigabit Ethernet stmmac-0:00: attached PHY driver [RTL8211F Gigabit Ethernet] (mii_bus:phy_addr=stmmac-0:00, irq=-1)
[    8.221444 <    0.112913>] meson8b-dwmac c9410000.ethernet eth0: PTP not supported by HW
[    8.227694 <    0.006250>] IPv6: ADDRCONF(NETDEV_UP): eth0: link is not ready
[    8.253997 <    0.026303>] batman_adv: B.A.T.M.A.N. advanced 2017.2 (compatibility version 15) loaded
[    8.293676 <    0.039679>] lan: port 2(bat0) entered blocking state
[    8.298804 <    0.005128>] lan: port 2(bat0) entered disabled state
[    8.303986 <    0.005182>] device bat0 entered promiscuous mode
[    8.334769 <    0.030783>] batman_adv: bat0: bridge_loop_avoidance: Changing from: enabled to: disabled
[    8.349996 <    0.015227>] lan: port 2(bat0) entered blocking state
[    8.355009 <    0.005013>] lan: port 2(bat0) entered forwarding state
[    8.787670 <    0.432661>] batman_adv: bat0: No IGMP Querier present - multicast optimizations disabled
[    8.795019 <    0.007349>] batman_adv: bat0: No MLD Querier present - multicast optimizations disabled
